2019-09-30 14:40:36  [ http-nio-8088-exec-2:0 ] - [ DEBUG ]  签名哈希值：from=0x11bd06f184f3767fc02c7f27e812f51bc6f28b39&to=0x096044db6676d6d4eeb375186478da4c6e7b3002&value=0x543029bd00000000000000000000000010176c670c1a92104fa1ec98b9e29f5721d25642&timestamp=0x15c92419756ccd2a&nonce=0x207cdf31bd2042&opcode=0&extra=&vmtype=EVM
2019-09-30 14:40:36  [ http-nio-8088-exec-2:94 ] - [ DEBUG ]  签名值：0104d46edf9af28d2e911816973805b686539517177ee0598a34a21fa101f511b7aee9e987509ee033cb1d6c222f44b86c37ec8869f93a551a1cf262d267a0668d56304502204fdb34ac498d28409a14f6a79a3f427f66b07585379fb538edcbe57c9eac6a34022100d4aae811b39c9e00a7820a789b0a321a01b278623359574eb5d437459a595e17
2019-09-30 14:40:36  [ http-nio-8088-exec-2:107 ] - [ DEBUG ]  Request URL is : localhost:8081
2019-09-30 14:40:36  [ http-nio-8088-exec-2:113 ] - [ DEBUG ]  [REQUEST] {"jsonrpc":"2.0","namespace":"global","method":"contract_invokeContract","params":[{"payload":"0x543029bd00000000000000000000000010176c670c1a92104fa1ec98b9e29f5721d25642","signature":"0104d46edf9af28d2e911816973805b686539517177ee0598a34a21fa101f511b7aee9e987509ee033cb1d6c222f44b86c37ec8869f93a551a1cf262d267a0668d56304502204fdb34ac498d28409a14f6a79a3f427f66b07585379fb538edcbe57c9eac6a34022100d4aae811b39c9e00a7820a789b0a321a01b278623359574eb5d437459a595e17","from":"0x11BD06F184F3767FC02C7F27E812F51BC6F28B39","to":"0x096044db6676d6d4eeb375186478da4c6e7b3002","type":"EVM","nonce":9144497308770370,"simulate":false,"timestamp":1569825636878175530}],"id":1}
2019-09-30 14:40:36  [ http-nio-8088-exec-2:114 ] - [ DEBUG ]  [REQUEST] CURL： curl -X POST --data '{"jsonrpc":"2.0","namespace":"global","method":"contract_invokeContract","params":[{"payload":"0x543029bd00000000000000000000000010176c670c1a92104fa1ec98b9e29f5721d25642","signature":"0104d46edf9af28d2e911816973805b686539517177ee0598a34a21fa101f511b7aee9e987509ee033cb1d6c222f44b86c37ec8869f93a551a1cf262d267a0668d56304502204fdb34ac498d28409a14f6a79a3f427f66b07585379fb538edcbe57c9eac6a34022100d4aae811b39c9e00a7820a789b0a321a01b278623359574eb5d437459a595e17","from":"0x11BD06F184F3767FC02C7F27E812F51BC6F28B39","to":"0x096044db6676d6d4eeb375186478da4c6e7b3002","type":"EVM","nonce":9144497308770370,"simulate":false,"timestamp":1569825636878175530}],"id":1}'
2019-09-30 14:40:36  [ http-nio-8088-exec-2:114 ] - [ DEBUG ]  [REQUEST] The NodeIndex Is : 0
2019-09-30 14:40:37  [ http-nio-8088-exec-2:326 ] - [ DEBUG ]  [RESPONSE] {"jsonrpc":"2.0","namespace":"global","id":1,"code":0,"message":"SUCCESS","result":"0xdd9fb9b98ebbe6eeb889aa875b0829da45328e5bd3efe9d05f4687de3856385a"}

2019-09-30 14:40:37  [ http-nio-8088-exec-2:329 ] - [ DEBUG ]  Request URL is : localhost:8081
2019-09-30 14:40:37  [ http-nio-8088-exec-2:329 ] - [ DEBUG ]  [REQUEST] {"jsonrpc":"2.0","namespace":"global","method":"tx_getTransactionReceipt","params":["0xdd9fb9b98ebbe6eeb889aa875b0829da45328e5bd3efe9d05f4687de3856385a"],"id":1}
2019-09-30 14:40:37  [ http-nio-8088-exec-2:329 ] - [ DEBUG ]  [REQUEST] CURL： curl -X POST --data '{"jsonrpc":"2.0","namespace":"global","method":"tx_getTransactionReceipt","params":["0xdd9fb9b98ebbe6eeb889aa875b0829da45328e5bd3efe9d05f4687de3856385a"],"id":1}'
2019-09-30 14:40:37  [ http-nio-8088-exec-2:330 ] - [ DEBUG ]  [REQUEST] The NodeIndex Is : 0
2019-09-30 14:40:37  [ http-nio-8088-exec-2:333 ] - [ DEBUG ]  [RESPONSE] {"jsonrpc":"2.0","namespace":"global","id":1,"code":-32001,"message":"Not found receipt 0xdd9fb9b98ebbe6eeb889aa875b0829da45328e5bd3efe9d05f4687de3856385a"}

2019-09-30 14:40:37  [ http-nio-8088-exec-2:436 ] - [ DEBUG ]  Request URL is : localhost:8081
2019-09-30 14:40:37  [ http-nio-8088-exec-2:438 ] - [ DEBUG ]  [REQUEST] {"jsonrpc":"2.0","namespace":"global","method":"tx_getTransactionReceipt","params":["0xdd9fb9b98ebbe6eeb889aa875b0829da45328e5bd3efe9d05f4687de3856385a"],"id":1}
2019-09-30 14:40:37  [ http-nio-8088-exec-2:439 ] - [ DEBUG ]  [REQUEST] CURL： curl -X POST --data '{"jsonrpc":"2.0","namespace":"global","method":"tx_getTransactionReceipt","params":["0xdd9fb9b98ebbe6eeb889aa875b0829da45328e5bd3efe9d05f4687de3856385a"],"id":1}'
2019-09-30 14:40:37  [ http-nio-8088-exec-2:439 ] - [ DEBUG ]  [REQUEST] The NodeIndex Is : 0
2019-09-30 14:40:37  [ http-nio-8088-exec-2:444 ] - [ DEBUG ]  [RESPONSE] {"jsonrpc":"2.0","namespace":"global","id":1,"code":-32001,"message":"Not found receipt 0xdd9fb9b98ebbe6eeb889aa875b0829da45328e5bd3efe9d05f4687de3856385a"}

2019-09-30 14:40:37  [ http-nio-8088-exec-2:547 ] - [ DEBUG ]  Request URL is : localhost:8081
2019-09-30 14:40:37  [ http-nio-8088-exec-2:548 ] - [ DEBUG ]  [REQUEST] {"jsonrpc":"2.0","namespace":"global","method":"tx_getTransactionReceipt","params":["0xdd9fb9b98ebbe6eeb889aa875b0829da45328e5bd3efe9d05f4687de3856385a"],"id":1}
2019-09-30 14:40:37  [ http-nio-8088-exec-2:550 ] - [ DEBUG ]  [REQUEST] CURL： curl -X POST --data '{"jsonrpc":"2.0","namespace":"global","method":"tx_getTransactionReceipt","params":["0xdd9fb9b98ebbe6eeb889aa875b0829da45328e5bd3efe9d05f4687de3856385a"],"id":1}'
2019-09-30 14:40:37  [ http-nio-8088-exec-2:551 ] - [ DEBUG ]  [REQUEST] The NodeIndex Is : 0
2019-09-30 14:40:37  [ http-nio-8088-exec-2:555 ] - [ DEBUG ]  [RESPONSE] {"jsonrpc":"2.0","namespace":"global","id":1,"code":-32001,"message":"Not found receipt 0xdd9fb9b98ebbe6eeb889aa875b0829da45328e5bd3efe9d05f4687de3856385a"}

2019-09-30 14:40:37  [ http-nio-8088-exec-2:657 ] - [ DEBUG ]  Request URL is : localhost:8081
2019-09-30 14:40:37  [ http-nio-8088-exec-2:657 ] - [ DEBUG ]  [REQUEST] {"jsonrpc":"2.0","namespace":"global","method":"tx_getTransactionReceipt","params":["0xdd9fb9b98ebbe6eeb889aa875b0829da45328e5bd3efe9d05f4687de3856385a"],"id":1}
2019-09-30 14:40:37  [ http-nio-8088-exec-2:658 ] - [ DEBUG ]  [REQUEST] CURL： curl -X POST --data '{"jsonrpc":"2.0","namespace":"global","method":"tx_getTransactionReceipt","params":["0xdd9fb9b98ebbe6eeb889aa875b0829da45328e5bd3efe9d05f4687de3856385a"],"id":1}'
2019-09-30 14:40:37  [ http-nio-8088-exec-2:659 ] - [ DEBUG ]  [REQUEST] The NodeIndex Is : 0
2019-09-30 14:40:37  [ http-nio-8088-exec-2:664 ] - [ DEBUG ]  [RESPONSE] {"jsonrpc":"2.0","namespace":"global","id":1,"code":-32001,"message":"Not found receipt 0xdd9fb9b98ebbe6eeb889aa875b0829da45328e5bd3efe9d05f4687de3856385a"}

2019-09-30 14:40:37  [ http-nio-8088-exec-2:766 ] - [ DEBUG ]  Request URL is : localhost:8081
2019-09-30 14:40:37  [ http-nio-8088-exec-2:767 ] - [ DEBUG ]  [REQUEST] {"jsonrpc":"2.0","namespace":"global","method":"tx_getTransactionReceipt","params":["0xdd9fb9b98ebbe6eeb889aa875b0829da45328e5bd3efe9d05f4687de3856385a"],"id":1}
2019-09-30 14:40:37  [ http-nio-8088-exec-2:767 ] - [ DEBUG ]  [REQUEST] CURL： curl -X POST --data '{"jsonrpc":"2.0","namespace":"global","method":"tx_getTransactionReceipt","params":["0xdd9fb9b98ebbe6eeb889aa875b0829da45328e5bd3efe9d05f4687de3856385a"],"id":1}'
2019-09-30 14:40:37  [ http-nio-8088-exec-2:768 ] - [ DEBUG ]  [REQUEST] The NodeIndex Is : 0
2019-09-30 14:40:37  [ http-nio-8088-exec-2:771 ] - [ DEBUG ]  [RESPONSE] {"jsonrpc":"2.0","namespace":"global","id":1,"code":-32001,"message":"Not found receipt 0xdd9fb9b98ebbe6eeb889aa875b0829da45328e5bd3efe9d05f4687de3856385a"}

2019-09-30 14:40:37  [ http-nio-8088-exec-2:877 ] - [ DEBUG ]  Request URL is : localhost:8081
2019-09-30 14:40:37  [ http-nio-8088-exec-2:877 ] - [ DEBUG ]  [REQUEST] {"jsonrpc":"2.0","namespace":"global","method":"tx_getTransactionReceipt","params":["0xdd9fb9b98ebbe6eeb889aa875b0829da45328e5bd3efe9d05f4687de3856385a"],"id":1}
2019-09-30 14:40:37  [ http-nio-8088-exec-2:878 ] - [ DEBUG ]  [REQUEST] CURL： curl -X POST --data '{"jsonrpc":"2.0","namespace":"global","method":"tx_getTransactionReceipt","params":["0xdd9fb9b98ebbe6eeb889aa875b0829da45328e5bd3efe9d05f4687de3856385a"],"id":1}'
2019-09-30 14:40:37  [ http-nio-8088-exec-2:879 ] - [ DEBUG ]  [REQUEST] The NodeIndex Is : 0
2019-09-30 14:40:37  [ http-nio-8088-exec-2:882 ] - [ DEBUG ]  [RESPONSE] {"jsonrpc":"2.0","namespace":"global","id":1,"code":-32001,"message":"Not found receipt 0xdd9fb9b98ebbe6eeb889aa875b0829da45328e5bd3efe9d05f4687de3856385a"}

2019-09-30 14:40:37  [ http-nio-8088-exec-2:986 ] - [ DEBUG ]  Request URL is : localhost:8081
2019-09-30 14:40:37  [ http-nio-8088-exec-2:986 ] - [ DEBUG ]  [REQUEST] {"jsonrpc":"2.0","namespace":"global","method":"tx_getTransactionReceipt","params":["0xdd9fb9b98ebbe6eeb889aa875b0829da45328e5bd3efe9d05f4687de3856385a"],"id":1}
2019-09-30 14:40:37  [ http-nio-8088-exec-2:987 ] - [ DEBUG ]  [REQUEST] CURL： curl -X POST --data '{"jsonrpc":"2.0","namespace":"global","method":"tx_getTransactionReceipt","params":["0xdd9fb9b98ebbe6eeb889aa875b0829da45328e5bd3efe9d05f4687de3856385a"],"id":1}'
2019-09-30 14:40:37  [ http-nio-8088-exec-2:987 ] - [ DEBUG ]  [REQUEST] The NodeIndex Is : 0
2019-09-30 14:40:37  [ http-nio-8088-exec-2:990 ] - [ DEBUG ]  [RESPONSE] {"jsonrpc":"2.0","namespace":"global","id":1,"code":0,"message":"SUCCESS","result":{"version":"1.4","txHash":"0xdd9fb9b98ebbe6eeb889aa875b0829da45328e5bd3efe9d05f4687de3856385a","vmType":"EVM","contractAddress":"0x0000000000000000000000000000000000000000","gasUsed":2454,"ret":"0x000000000000000000000000000000000000000000000000000000000000001500000000000000000000000000000000000000000000000000000000000000a00000000000000000000000001dbe0a1322fc34636ef04ea96ea1bf192ed3278c000000000000000000000000000000000000000000000000000000000000000400000000000000000000000000000000000000000000000000000000000000e00000000000000000000000000000000000000000000000000000000000000008646566656e646572000000000000000000000000000000000000000000000000000000000000000000000000000000000000000000000000000000000000000c6265666f7265426174746c650000000000000000000000000000000000000000","log":[],"valid":true,"errorMsg":""}}

2019-09-30 14:41:24  [ http-nio-8088-exec-3:47769 ] - [ DEBUG ]  签名哈希值：from=0x11bd06f184f3767fc02c7f27e812f51bc6f28b39&to=0x096044db6676d6d4eeb375186478da4c6e7b3002&value=0x543029bd000000000000000000000000bcc935ea0c5a3e39509a641b688e44742ce9fe9a&timestamp=0x15c9242494d86911&nonce=0x1f4b388ccf3cba&opcode=0&extra=&vmtype=EVM
2019-09-30 14:41:24  [ http-nio-8088-exec-3:47812 ] - [ DEBUG ]  签名值：0104d46edf9af28d2e911816973805b686539517177ee0598a34a21fa101f511b7aee9e987509ee033cb1d6c222f44b86c37ec8869f93a551a1cf262d267a0668d56304402207f95ac19ac0a4f1fa2c0865938d16d174769a2d06924c2b455ceeb309648df6802204fe35f36030354bea96bfc0a317f40e7f70b7cc1d3702f65accf482f1355a8cc
2019-09-30 14:41:24  [ http-nio-8088-exec-3:47813 ] - [ DEBUG ]  Request URL is : localhost:8081
2019-09-30 14:41:24  [ http-nio-8088-exec-3:47815 ] - [ DEBUG ]  [REQUEST] {"jsonrpc":"2.0","namespace":"global","method":"contract_invokeContract","params":[{"payload":"0x543029bd000000000000000000000000bcc935ea0c5a3e39509a641b688e44742ce9fe9a","signature":"0104d46edf9af28d2e911816973805b686539517177ee0598a34a21fa101f511b7aee9e987509ee033cb1d6c222f44b86c37ec8869f93a551a1cf262d267a0668d56304402207f95ac19ac0a4f1fa2c0865938d16d174769a2d06924c2b455ceeb309648df6802204fe35f36030354bea96bfc0a317f40e7f70b7cc1d3702f65accf482f1355a8cc","from":"0x11BD06F184F3767FC02C7F27E812F51BC6F28B39","to":"0x096044db6676d6d4eeb375186478da4c6e7b3002","type":"EVM","nonce":8808430530673850,"simulate":false,"timestamp":1569825684649961745}],"id":1}
2019-09-30 14:41:24  [ http-nio-8088-exec-3:47816 ] - [ DEBUG ]  [REQUEST] CURL： curl -X POST --data '{"jsonrpc":"2.0","namespace":"global","method":"contract_invokeContract","params":[{"payload":"0x543029bd000000000000000000000000bcc935ea0c5a3e39509a641b688e44742ce9fe9a","signature":"0104d46edf9af28d2e911816973805b686539517177ee0598a34a21fa101f511b7aee9e987509ee033cb1d6c222f44b86c37ec8869f93a551a1cf262d267a0668d56304402207f95ac19ac0a4f1fa2c0865938d16d174769a2d06924c2b455ceeb309648df6802204fe35f36030354bea96bfc0a317f40e7f70b7cc1d3702f65accf482f1355a8cc","from":"0x11BD06F184F3767FC02C7F27E812F51BC6F28B39","to":"0x096044db6676d6d4eeb375186478da4c6e7b3002","type":"EVM","nonce":8808430530673850,"simulate":false,"timestamp":1569825684649961745}],"id":1}'
2019-09-30 14:41:24  [ http-nio-8088-exec-3:47817 ] - [ DEBUG ]  [REQUEST] The NodeIndex Is : 0
2019-09-30 14:41:24  [ http-nio-8088-exec-3:47828 ] - [ DEBUG ]  [RESPONSE] {"jsonrpc":"2.0","namespace":"global","id":1,"code":0,"message":"SUCCESS","result":"0xcf6ace79697b6f416fabec95de1e4337defcf7a4b79d0b09616b1848d6d9c7d6"}

2019-09-30 14:41:24  [ http-nio-8088-exec-3:47829 ] - [ DEBUG ]  Request URL is : localhost:8081
2019-09-30 14:41:24  [ http-nio-8088-exec-3:47830 ] - [ DEBUG ]  [REQUEST] {"jsonrpc":"2.0","namespace":"global","method":"tx_getTransactionReceipt","params":["0xcf6ace79697b6f416fabec95de1e4337defcf7a4b79d0b09616b1848d6d9c7d6"],"id":1}
2019-09-30 14:41:24  [ http-nio-8088-exec-3:47830 ] - [ DEBUG ]  [REQUEST] CURL： curl -X POST --data '{"jsonrpc":"2.0","namespace":"global","method":"tx_getTransactionReceipt","params":["0xcf6ace79697b6f416fabec95de1e4337defcf7a4b79d0b09616b1848d6d9c7d6"],"id":1}'
2019-09-30 14:41:24  [ http-nio-8088-exec-3:47830 ] - [ DEBUG ]  [REQUEST] The NodeIndex Is : 0
2019-09-30 14:41:24  [ http-nio-8088-exec-3:47834 ] - [ DEBUG ]  [RESPONSE] {"jsonrpc":"2.0","namespace":"global","id":1,"code":-32001,"message":"Not found receipt 0xcf6ace79697b6f416fabec95de1e4337defcf7a4b79d0b09616b1848d6d9c7d6"}

2019-09-30 14:41:24  [ http-nio-8088-exec-3:47936 ] - [ DEBUG ]  Request URL is : localhost:8081
2019-09-30 14:41:24  [ http-nio-8088-exec-3:47937 ] - [ DEBUG ]  [REQUEST] {"jsonrpc":"2.0","namespace":"global","method":"tx_getTransactionReceipt","params":["0xcf6ace79697b6f416fabec95de1e4337defcf7a4b79d0b09616b1848d6d9c7d6"],"id":1}
2019-09-30 14:41:24  [ http-nio-8088-exec-3:47937 ] - [ DEBUG ]  [REQUEST] CURL： curl -X POST --data '{"jsonrpc":"2.0","namespace":"global","method":"tx_getTransactionReceipt","params":["0xcf6ace79697b6f416fabec95de1e4337defcf7a4b79d0b09616b1848d6d9c7d6"],"id":1}'
2019-09-30 14:41:24  [ http-nio-8088-exec-3:47938 ] - [ DEBUG ]  [REQUEST] The NodeIndex Is : 0
2019-09-30 14:41:24  [ http-nio-8088-exec-3:47940 ] - [ DEBUG ]  [RESPONSE] {"jsonrpc":"2.0","namespace":"global","id":1,"code":-32001,"message":"Not found receipt 0xcf6ace79697b6f416fabec95de1e4337defcf7a4b79d0b09616b1848d6d9c7d6"}

2019-09-30 14:41:24  [ http-nio-8088-exec-3:48043 ] - [ DEBUG ]  Request URL is : localhost:8081
2019-09-30 14:41:24  [ http-nio-8088-exec-3:48044 ] - [ DEBUG ]  [REQUEST] {"jsonrpc":"2.0","namespace":"global","method":"tx_getTransactionReceipt","params":["0xcf6ace79697b6f416fabec95de1e4337defcf7a4b79d0b09616b1848d6d9c7d6"],"id":1}
2019-09-30 14:41:24  [ http-nio-8088-exec-3:48045 ] - [ DEBUG ]  [REQUEST] CURL： curl -X POST --data '{"jsonrpc":"2.0","namespace":"global","method":"tx_getTransactionReceipt","params":["0xcf6ace79697b6f416fabec95de1e4337defcf7a4b79d0b09616b1848d6d9c7d6"],"id":1}'
2019-09-30 14:41:24  [ http-nio-8088-exec-3:48046 ] - [ DEBUG ]  [REQUEST] The NodeIndex Is : 0
2019-09-30 14:41:24  [ http-nio-8088-exec-3:48050 ] - [ DEBUG ]  [RESPONSE] {"jsonrpc":"2.0","namespace":"global","id":1,"code":-32001,"message":"Not found receipt 0xcf6ace79697b6f416fabec95de1e4337defcf7a4b79d0b09616b1848d6d9c7d6"}

2019-09-30 14:41:25  [ http-nio-8088-exec-3:48152 ] - [ DEBUG ]  Request URL is : localhost:8081
2019-09-30 14:41:25  [ http-nio-8088-exec-3:48153 ] - [ DEBUG ]  [REQUEST] {"jsonrpc":"2.0","namespace":"global","method":"tx_getTransactionReceipt","params":["0xcf6ace79697b6f416fabec95de1e4337defcf7a4b79d0b09616b1848d6d9c7d6"],"id":1}
2019-09-30 14:41:25  [ http-nio-8088-exec-3:48153 ] - [ DEBUG ]  [REQUEST] CURL： curl -X POST --data '{"jsonrpc":"2.0","namespace":"global","method":"tx_getTransactionReceipt","params":["0xcf6ace79697b6f416fabec95de1e4337defcf7a4b79d0b09616b1848d6d9c7d6"],"id":1}'
2019-09-30 14:41:25  [ http-nio-8088-exec-3:48153 ] - [ DEBUG ]  [REQUEST] The NodeIndex Is : 0
2019-09-30 14:41:25  [ http-nio-8088-exec-3:48156 ] - [ DEBUG ]  [RESPONSE] {"jsonrpc":"2.0","namespace":"global","id":1,"code":-32001,"message":"Not found receipt 0xcf6ace79697b6f416fabec95de1e4337defcf7a4b79d0b09616b1848d6d9c7d6"}

2019-09-30 14:41:25  [ http-nio-8088-exec-3:48259 ] - [ DEBUG ]  Request URL is : localhost:8081
2019-09-30 14:41:25  [ http-nio-8088-exec-3:48260 ] - [ DEBUG ]  [REQUEST] {"jsonrpc":"2.0","namespace":"global","method":"tx_getTransactionReceipt","params":["0xcf6ace79697b6f416fabec95de1e4337defcf7a4b79d0b09616b1848d6d9c7d6"],"id":1}
2019-09-30 14:41:25  [ http-nio-8088-exec-3:48261 ] - [ DEBUG ]  [REQUEST] CURL： curl -X POST --data '{"jsonrpc":"2.0","namespace":"global","method":"tx_getTransactionReceipt","params":["0xcf6ace79697b6f416fabec95de1e4337defcf7a4b79d0b09616b1848d6d9c7d6"],"id":1}'
2019-09-30 14:41:25  [ http-nio-8088-exec-3:48262 ] - [ DEBUG ]  [REQUEST] The NodeIndex Is : 0
2019-09-30 14:41:25  [ http-nio-8088-exec-3:48266 ] - [ DEBUG ]  [RESPONSE] {"jsonrpc":"2.0","namespace":"global","id":1,"code":-32001,"message":"Not found receipt 0xcf6ace79697b6f416fabec95de1e4337defcf7a4b79d0b09616b1848d6d9c7d6"}

2019-09-30 14:41:25  [ http-nio-8088-exec-3:48371 ] - [ DEBUG ]  Request URL is : localhost:8081
2019-09-30 14:41:25  [ http-nio-8088-exec-3:48372 ] - [ DEBUG ]  [REQUEST] {"jsonrpc":"2.0","namespace":"global","method":"tx_getTransactionReceipt","params":["0xcf6ace79697b6f416fabec95de1e4337defcf7a4b79d0b09616b1848d6d9c7d6"],"id":1}
2019-09-30 14:41:25  [ http-nio-8088-exec-3:48372 ] - [ DEBUG ]  [REQUEST] CURL： curl -X POST --data '{"jsonrpc":"2.0","namespace":"global","method":"tx_getTransactionReceipt","params":["0xcf6ace79697b6f416fabec95de1e4337defcf7a4b79d0b09616b1848d6d9c7d6"],"id":1}'
2019-09-30 14:41:25  [ http-nio-8088-exec-3:48373 ] - [ DEBUG ]  [REQUEST] The NodeIndex Is : 0
2019-09-30 14:41:25  [ http-nio-8088-exec-3:48376 ] - [ DEBUG ]  [RESPONSE] {"jsonrpc":"2.0","namespace":"global","id":1,"code":-32001,"message":"Not found receipt 0xcf6ace79697b6f416fabec95de1e4337defcf7a4b79d0b09616b1848d6d9c7d6"}

2019-09-30 14:41:25  [ http-nio-8088-exec-3:48477 ] - [ DEBUG ]  Request URL is : localhost:8081
2019-09-30 14:41:25  [ http-nio-8088-exec-3:48477 ] - [ DEBUG ]  [REQUEST] {"jsonrpc":"2.0","namespace":"global","method":"tx_getTransactionReceipt","params":["0xcf6ace79697b6f416fabec95de1e4337defcf7a4b79d0b09616b1848d6d9c7d6"],"id":1}
2019-09-30 14:41:25  [ http-nio-8088-exec-3:48477 ] - [ DEBUG ]  [REQUEST] CURL： curl -X POST --data '{"jsonrpc":"2.0","namespace":"global","method":"tx_getTransactionReceipt","params":["0xcf6ace79697b6f416fabec95de1e4337defcf7a4b79d0b09616b1848d6d9c7d6"],"id":1}'
2019-09-30 14:41:25  [ http-nio-8088-exec-3:48478 ] - [ DEBUG ]  [REQUEST] The NodeIndex Is : 0
2019-09-30 14:41:25  [ http-nio-8088-exec-3:48480 ] - [ DEBUG ]  [RESPONSE] {"jsonrpc":"2.0","namespace":"global","id":1,"code":0,"message":"SUCCESS","result":{"version":"1.4","txHash":"0xcf6ace79697b6f416fabec95de1e4337defcf7a4b79d0b09616b1848d6d9c7d6","vmType":"EVM","contractAddress":"0x0000000000000000000000000000000000000000","gasUsed":2454,"ret":"0x000000000000000000000000000000000000000000000000000000000000001500000000000000000000000000000000000000000000000000000000000000a0000000000000000000000000b706bf5d9822c71edaf8810aee551ebc2c1514a3000000000000000000000000000000000000000000000000000000000000000300000000000000000000000000000000000000000000000000000000000000e00000000000000000000000000000000000000000000000000000000000000008646566656e646572000000000000000000000000000000000000000000000000000000000000000000000000000000000000000000000000000000000000000c6265666f7265426174746c650000000000000000000000000000000000000000","log":[],"valid":true,"errorMsg":""}}

2019-09-30 15:54:43  [ http-nio-8088-exec-2:0 ] - [ DEBUG ]  签名哈希值：from=0x11bd06f184f3767fc02c7f27e812f51bc6f28b39&to=0x096044db6676d6d4eeb375186478da4c6e7b3002&value=0x543029bd00000000000000000000000010176c670c1a92104fa1ec98b9e29f5721d25642&timestamp=0x15c92824cfe72bbd&nonce=0x1cbf6235b79ff2&opcode=0&extra=&vmtype=EVM
2019-09-30 15:54:43  [ http-nio-8088-exec-2:86 ] - [ DEBUG ]  签名值：0104d46edf9af28d2e911816973805b686539517177ee0598a34a21fa101f511b7aee9e987509ee033cb1d6c222f44b86c37ec8869f93a551a1cf262d267a0668d563045022100f93cd506827b9d353010e613cb933ded83cb21cc6e0c4da943cab8a4652d73dd022058e809cf98b53eccc1981ab38446bde9b4458a8141ada9c7a226f79e40d56654
2019-09-30 15:54:43  [ http-nio-8088-exec-2:95 ] - [ DEBUG ]  Request URL is : localhost:8081
2019-09-30 15:54:43  [ http-nio-8088-exec-2:99 ] - [ DEBUG ]  [REQUEST] {"jsonrpc":"2.0","namespace":"global","method":"contract_invokeContract","params":[{"payload":"0x543029bd00000000000000000000000010176c670c1a92104fa1ec98b9e29f5721d25642","signature":"0104d46edf9af28d2e911816973805b686539517177ee0598a34a21fa101f511b7aee9e987509ee033cb1d6c222f44b86c37ec8869f93a551a1cf262d267a0668d563045022100f93cd506827b9d353010e613cb933ded83cb21cc6e0c4da943cab8a4652d73dd022058e809cf98b53eccc1981ab38446bde9b4458a8141ada9c7a226f79e40d56654","from":"0x11BD06F184F3767FC02C7F27E812F51BC6F28B39","to":"0x096044db6676d6d4eeb375186478da4c6e7b3002","type":"EVM","nonce":8091727876825074,"simulate":false,"timestamp":1569830083687295933}],"id":1}
2019-09-30 15:54:43  [ http-nio-8088-exec-2:100 ] - [ DEBUG ]  [REQUEST] CURL： curl -X POST --data '{"jsonrpc":"2.0","namespace":"global","method":"contract_invokeContract","params":[{"payload":"0x543029bd00000000000000000000000010176c670c1a92104fa1ec98b9e29f5721d25642","signature":"0104d46edf9af28d2e911816973805b686539517177ee0598a34a21fa101f511b7aee9e987509ee033cb1d6c222f44b86c37ec8869f93a551a1cf262d267a0668d563045022100f93cd506827b9d353010e613cb933ded83cb21cc6e0c4da943cab8a4652d73dd022058e809cf98b53eccc1981ab38446bde9b4458a8141ada9c7a226f79e40d56654","from":"0x11BD06F184F3767FC02C7F27E812F51BC6F28B39","to":"0x096044db6676d6d4eeb375186478da4c6e7b3002","type":"EVM","nonce":8091727876825074,"simulate":false,"timestamp":1569830083687295933}],"id":1}'
2019-09-30 15:54:43  [ http-nio-8088-exec-2:101 ] - [ DEBUG ]  [REQUEST] The NodeIndex Is : 0
2019-09-30 15:54:44  [ http-nio-8088-exec-2:441 ] - [ DEBUG ]  [RESPONSE] {"jsonrpc":"2.0","namespace":"global","id":1,"code":0,"message":"SUCCESS","result":"0x548dbcade156ac32565717ab51dbeb8193df03805f3a187863e04cdcbb5c805f"}

2019-09-30 15:54:44  [ http-nio-8088-exec-2:443 ] - [ DEBUG ]  Request URL is : localhost:8081
2019-09-30 15:54:44  [ http-nio-8088-exec-2:444 ] - [ DEBUG ]  [REQUEST] {"jsonrpc":"2.0","namespace":"global","method":"tx_getTransactionReceipt","params":["0x548dbcade156ac32565717ab51dbeb8193df03805f3a187863e04cdcbb5c805f"],"id":1}
2019-09-30 15:54:44  [ http-nio-8088-exec-2:444 ] - [ DEBUG ]  [REQUEST] CURL： curl -X POST --data '{"jsonrpc":"2.0","namespace":"global","method":"tx_getTransactionReceipt","params":["0x548dbcade156ac32565717ab51dbeb8193df03805f3a187863e04cdcbb5c805f"],"id":1}'
2019-09-30 15:54:44  [ http-nio-8088-exec-2:445 ] - [ DEBUG ]  [REQUEST] The NodeIndex Is : 0
2019-09-30 15:54:44  [ http-nio-8088-exec-2:449 ] - [ DEBUG ]  [RESPONSE] {"jsonrpc":"2.0","namespace":"global","id":1,"code":-32001,"message":"Not found receipt 0x548dbcade156ac32565717ab51dbeb8193df03805f3a187863e04cdcbb5c805f"}

2019-09-30 15:54:44  [ http-nio-8088-exec-2:552 ] - [ DEBUG ]  Request URL is : localhost:8081
2019-09-30 15:54:44  [ http-nio-8088-exec-2:553 ] - [ DEBUG ]  [REQUEST] {"jsonrpc":"2.0","namespace":"global","method":"tx_getTransactionReceipt","params":["0x548dbcade156ac32565717ab51dbeb8193df03805f3a187863e04cdcbb5c805f"],"id":1}
2019-09-30 15:54:44  [ http-nio-8088-exec-2:553 ] - [ DEBUG ]  [REQUEST] CURL： curl -X POST --data '{"jsonrpc":"2.0","namespace":"global","method":"tx_getTransactionReceipt","params":["0x548dbcade156ac32565717ab51dbeb8193df03805f3a187863e04cdcbb5c805f"],"id":1}'
2019-09-30 15:54:44  [ http-nio-8088-exec-2:554 ] - [ DEBUG ]  [REQUEST] The NodeIndex Is : 0
2019-09-30 15:54:44  [ http-nio-8088-exec-2:557 ] - [ DEBUG ]  [RESPONSE] {"jsonrpc":"2.0","namespace":"global","id":1,"code":-32001,"message":"Not found receipt 0x548dbcade156ac32565717ab51dbeb8193df03805f3a187863e04cdcbb5c805f"}

2019-09-30 15:54:44  [ http-nio-8088-exec-2:659 ] - [ DEBUG ]  Request URL is : localhost:8081
2019-09-30 15:54:44  [ http-nio-8088-exec-2:659 ] - [ DEBUG ]  [REQUEST] {"jsonrpc":"2.0","namespace":"global","method":"tx_getTransactionReceipt","params":["0x548dbcade156ac32565717ab51dbeb8193df03805f3a187863e04cdcbb5c805f"],"id":1}
2019-09-30 15:54:44  [ http-nio-8088-exec-2:660 ] - [ DEBUG ]  [REQUEST] CURL： curl -X POST --data '{"jsonrpc":"2.0","namespace":"global","method":"tx_getTransactionReceipt","params":["0x548dbcade156ac32565717ab51dbeb8193df03805f3a187863e04cdcbb5c805f"],"id":1}'
2019-09-30 15:54:44  [ http-nio-8088-exec-2:660 ] - [ DEBUG ]  [REQUEST] The NodeIndex Is : 0
2019-09-30 15:54:44  [ http-nio-8088-exec-2:663 ] - [ DEBUG ]  [RESPONSE] {"jsonrpc":"2.0","namespace":"global","id":1,"code":-32001,"message":"Not found receipt 0x548dbcade156ac32565717ab51dbeb8193df03805f3a187863e04cdcbb5c805f"}

2019-09-30 15:54:44  [ http-nio-8088-exec-2:769 ] - [ DEBUG ]  Request URL is : localhost:8081
2019-09-30 15:54:44  [ http-nio-8088-exec-2:769 ] - [ DEBUG ]  [REQUEST] {"jsonrpc":"2.0","namespace":"global","method":"tx_getTransactionReceipt","params":["0x548dbcade156ac32565717ab51dbeb8193df03805f3a187863e04cdcbb5c805f"],"id":1}
2019-09-30 15:54:44  [ http-nio-8088-exec-2:770 ] - [ DEBUG ]  [REQUEST] CURL： curl -X POST --data '{"jsonrpc":"2.0","namespace":"global","method":"tx_getTransactionReceipt","params":["0x548dbcade156ac32565717ab51dbeb8193df03805f3a187863e04cdcbb5c805f"],"id":1}'
2019-09-30 15:54:44  [ http-nio-8088-exec-2:770 ] - [ DEBUG ]  [REQUEST] The NodeIndex Is : 0
2019-09-30 15:54:44  [ http-nio-8088-exec-2:773 ] - [ DEBUG ]  [RESPONSE] {"jsonrpc":"2.0","namespace":"global","id":1,"code":-32001,"message":"Not found receipt 0x548dbcade156ac32565717ab51dbeb8193df03805f3a187863e04cdcbb5c805f"}

2019-09-30 15:54:44  [ http-nio-8088-exec-2:876 ] - [ DEBUG ]  Request URL is : localhost:8081
2019-09-30 15:54:44  [ http-nio-8088-exec-2:877 ] - [ DEBUG ]  [REQUEST] {"jsonrpc":"2.0","namespace":"global","method":"tx_getTransactionReceipt","params":["0x548dbcade156ac32565717ab51dbeb8193df03805f3a187863e04cdcbb5c805f"],"id":1}
2019-09-30 15:54:44  [ http-nio-8088-exec-2:877 ] - [ DEBUG ]  [REQUEST] CURL： curl -X POST --data '{"jsonrpc":"2.0","namespace":"global","method":"tx_getTransactionReceipt","params":["0x548dbcade156ac32565717ab51dbeb8193df03805f3a187863e04cdcbb5c805f"],"id":1}'
2019-09-30 15:54:44  [ http-nio-8088-exec-2:877 ] - [ DEBUG ]  [REQUEST] The NodeIndex Is : 0
2019-09-30 15:54:44  [ http-nio-8088-exec-2:880 ] - [ DEBUG ]  [RESPONSE] {"jsonrpc":"2.0","namespace":"global","id":1,"code":-32001,"message":"Not found receipt 0x548dbcade156ac32565717ab51dbeb8193df03805f3a187863e04cdcbb5c805f"}

2019-09-30 15:54:44  [ http-nio-8088-exec-2:982 ] - [ DEBUG ]  Request URL is : localhost:8081
2019-09-30 15:54:44  [ http-nio-8088-exec-2:983 ] - [ DEBUG ]  [REQUEST] {"jsonrpc":"2.0","namespace":"global","method":"tx_getTransactionReceipt","params":["0x548dbcade156ac32565717ab51dbeb8193df03805f3a187863e04cdcbb5c805f"],"id":1}
2019-09-30 15:54:44  [ http-nio-8088-exec-2:984 ] - [ DEBUG ]  [REQUEST] CURL： curl -X POST --data '{"jsonrpc":"2.0","namespace":"global","method":"tx_getTransactionReceipt","params":["0x548dbcade156ac32565717ab51dbeb8193df03805f3a187863e04cdcbb5c805f"],"id":1}'
2019-09-30 15:54:44  [ http-nio-8088-exec-2:984 ] - [ DEBUG ]  [REQUEST] The NodeIndex Is : 0
2019-09-30 15:54:44  [ http-nio-8088-exec-2:989 ] - [ DEBUG ]  [RESPONSE] {"jsonrpc":"2.0","namespace":"global","id":1,"code":-32001,"message":"Not found receipt 0x548dbcade156ac32565717ab51dbeb8193df03805f3a187863e04cdcbb5c805f"}

2019-09-30 15:54:44  [ http-nio-8088-exec-2:1093 ] - [ DEBUG ]  Request URL is : localhost:8081
2019-09-30 15:54:44  [ http-nio-8088-exec-2:1093 ] - [ DEBUG ]  [REQUEST] {"jsonrpc":"2.0","namespace":"global","method":"tx_getTransactionReceipt","params":["0x548dbcade156ac32565717ab51dbeb8193df03805f3a187863e04cdcbb5c805f"],"id":1}
2019-09-30 15:54:44  [ http-nio-8088-exec-2:1094 ] - [ DEBUG ]  [REQUEST] CURL： curl -X POST --data '{"jsonrpc":"2.0","namespace":"global","method":"tx_getTransactionReceipt","params":["0x548dbcade156ac32565717ab51dbeb8193df03805f3a187863e04cdcbb5c805f"],"id":1}'
2019-09-30 15:54:44  [ http-nio-8088-exec-2:1094 ] - [ DEBUG ]  [REQUEST] The NodeIndex Is : 0
2019-09-30 15:54:44  [ http-nio-8088-exec-2:1096 ] - [ DEBUG ]  [RESPONSE] {"jsonrpc":"2.0","namespace":"global","id":1,"code":0,"message":"SUCCESS","result":{"version":"1.4","txHash":"0x548dbcade156ac32565717ab51dbeb8193df03805f3a187863e04cdcbb5c805f","vmType":"EVM","contractAddress":"0x0000000000000000000000000000000000000000","gasUsed":2454,"ret":"0x000000000000000000000000000000000000000000000000000000000000001500000000000000000000000000000000000000000000000000000000000000a00000000000000000000000001dbe0a1322fc34636ef04ea96ea1bf192ed3278c000000000000000000000000000000000000000000000000000000000000000400000000000000000000000000000000000000000000000000000000000000e00000000000000000000000000000000000000000000000000000000000000008646566656e646572000000000000000000000000000000000000000000000000000000000000000000000000000000000000000000000000000000000000000c6265666f7265426174746c650000000000000000000000000000000000000000","log":[],"valid":true,"errorMsg":""}}

